c:\users\rliai\desktop\trace\debug\vc140.pdb
c:\users\rliai\desktop\trace\debug\vc140.idb
c:\users\rliai\desktop\trace\debug\trimesh.obj
c:\users\rliai\desktop\trace\debug\square.obj
c:\users\rliai\desktop\trace\debug\sphere.obj
c:\users\rliai\desktop\trace\debug\cylinder.obj
c:\users\rliai\desktop\trace\debug\cone.obj
c:\users\rliai\desktop\trace\debug\box.obj
c:\users\rliai\desktop\trace\debug\scene.obj
c:\users\rliai\desktop\trace\debug\ray.obj
c:\users\rliai\desktop\trace\debug\material.obj
c:\users\rliai\desktop\trace\debug\light.obj
c:\users\rliai\desktop\trace\debug\camera.obj
c:\users\rliai\desktop\trace\debug\vecmath.obj
c:\users\rliai\desktop\trace\debug\read.obj
c:\users\rliai\desktop\trace\debug\parse.obj
c:\users\rliai\desktop\trace\debug\bitmap.obj
c:\users\rliai\desktop\trace\debug\traceui.obj
c:\users\rliai\desktop\trace\debug\traceglwindow.obj
c:\users\rliai\desktop\trace\debug\raytracer.obj
c:\users\rliai\desktop\trace\debug\main.obj
c:\users\rliai\desktop\trace\debug\getopt.obj
c:\users\rliai\desktop\trace\debug\ray.pdb
c:\users\rliai\desktop\trace\debug\ray.tlog\cl.command.1.tlog
c:\users\rliai\desktop\trace\debug\ray.tlog\cl.read.1.tlog
c:\users\rliai\desktop\trace\debug\ray.tlog\cl.write.1.tlog
c:\users\rliai\desktop\trace\debug\ray.tlog\link.command.1.tlog
c:\users\rliai\desktop\trace\debug\ray.tlog\link.read.1.tlog
c:\users\rliai\desktop\trace\debug\ray.tlog\link.write.1.tlog
