  getopt.cpp
  main.cpp
  RayTracer.cpp
c:\users\若晨\desktop\comp4411\trace\src\fileio\parse.h(180): warning C4018: “<”: 有符号/无符号不匹配
  TraceGLWindow.cpp
  TraceUI.cpp
c:\users\若晨\desktop\comp4411\trace\src\ui\traceui.cpp(34): warning C4996: 'sprintf': This function or variable may be unsafe. Consider using sprintf_s instead. To disable deprecation, use _CRT_SECURE_NO_WARNINGS. See online help for details.
  c:\program files (x86)\windows kits\10\include\10.0.10240.0\ucrt\stdio.h(1769): note: 参见“sprintf”的声明
c:\users\若晨\desktop\comp4411\trace\src\ui\traceui.cpp(37): warning C4996: 'sprintf': This function or variable may be unsafe. Consider using sprintf_s instead. To disable deprecation, use _CRT_SECURE_NO_WARNINGS. See online help for details.
  c:\program files (x86)\windows kits\10\include\10.0.10240.0\ucrt\stdio.h(1769): note: 参见“sprintf”的声明
c:\users\若晨\desktop\comp4411\trace\src\ui\traceui.cpp(160): warning C4996: 'sprintf': This function or variable may be unsafe. Consider using sprintf_s instead. To disable deprecation, use _CRT_SECURE_NO_WARNINGS. See online help for details.
  c:\program files (x86)\windows kits\10\include\10.0.10240.0\ucrt\stdio.h(1769): note: 参见“sprintf”的声明
  bitmap.cpp
c:\users\若晨\desktop\comp4411\trace\src\fileio\bitmap.cpp(22): warning C4996: 'fopen': This function or variable may be unsafe. Consider using fopen_s instead. To disable deprecation, use _CRT_SECURE_NO_WARNINGS. See online help for details.
  c:\program files (x86)\windows kits\10\include\10.0.10240.0\ucrt\stdio.h(205): note: 参见“fopen”的声明
c:\users\若晨\desktop\comp4411\trace\src\fileio\bitmap.cpp(127): warning C4996: 'fopen': This function or variable may be unsafe. Consider using fopen_s instead. To disable deprecation, use _CRT_SECURE_NO_WARNINGS. See online help for details.
  c:\program files (x86)\windows kits\10\include\10.0.10240.0\ucrt\stdio.h(205): note: 参见“fopen”的声明
  parse.cpp
c:\users\若晨\desktop\comp4411\trace\src\fileio\parse.h(180): warning C4018: “<”: 有符号/无符号不匹配
  read.cpp
c:\users\若晨\desktop\comp4411\trace\src\fileio\parse.h(180): warning C4018: “<”: 有符号/无符号不匹配
  vecmath.cpp
  camera.cpp
  light.cpp
  material.cpp
  ray.cpp
  scene.cpp
  Box.cpp
  Cone.cpp
  Cylinder.cpp
  Sphere.cpp
  Square.cpp
  trimesh.cpp
c:\users\若晨\desktop\comp4411\trace\src\sceneobjects\trimesh.cpp(91): warning C4244: “=”: 从“double”转换到“float”，可能丢失数据
c:\users\若晨\desktop\comp4411\trace\src\sceneobjects\trimesh.cpp(102): warning C4244: “初始化”: 从“double”转换到“float”，可能丢失数据
  正在生成代码...
getopt.obj : warning LNK4075: 忽略“/EDITANDCONTINUE”(由于“/SAFESEH”规范)
fltkd.lib(case.obj) : warning LNK4099: 未找到 PDB“fltk.pdb”(使用“fltkd.lib(case.obj)”或在“C:\Users\若晨\Desktop\Comp4411\Trace\Debug\fltk.pdb”中寻找)；正在链接对象，如同没有调试信息一样
fltkd.lib(filename_absolute.obj) : warning LNK4099: 未找到 PDB“fltk.pdb”(使用“fltkd.lib(filename_absolute.obj)”或在“C:\Users\若晨\Desktop\Comp4411\Trace\Debug\fltk.pdb”中寻找)；正在链接对象，如同没有调试信息一样
fltkd.lib(filename_expand.obj) : warning LNK4099: 未找到 PDB“fltk.pdb”(使用“fltkd.lib(filename_expand.obj)”或在“C:\Users\若晨\Desktop\Comp4411\Trace\Debug\fltk.pdb”中寻找)；正在链接对象，如同没有调试信息一样
fltkd.lib(filename_isdir.obj) : warning LNK4099: 未找到 PDB“fltk.pdb”(使用“fltkd.lib(filename_isdir.obj)”或在“C:\Users\若晨\Desktop\Comp4411\Trace\Debug\fltk.pdb”中寻找)；正在链接对象，如同没有调试信息一样
fltkd.lib(filename_list.obj) : warning LNK4099: 未找到 PDB“fltk.pdb”(使用“fltkd.lib(filename_list.obj)”或在“C:\Users\若晨\Desktop\Comp4411\Trace\Debug\fltk.pdb”中寻找)；正在链接对象，如同没有调试信息一样
fltkd.lib(filename_match.obj) : warning LNK4099: 未找到 PDB“fltk.pdb”(使用“fltkd.lib(filename_match.obj)”或在“C:\Users\若晨\Desktop\Comp4411\Trace\Debug\fltk.pdb”中寻找)；正在链接对象，如同没有调试信息一样
fltkd.lib(Fl.obj) : warning LNK4099: 未找到 PDB“fltk.pdb”(使用“fltkd.lib(Fl.obj)”或在“C:\Users\若晨\Desktop\Comp4411\Trace\Debug\fltk.pdb”中寻找)；正在链接对象，如同没有调试信息一样
fltkd.lib(Fl_abort.obj) : warning LNK4099: 未找到 PDB“fltk.pdb”(使用“fltkd.lib(Fl_abort.obj)”或在“C:\Users\若晨\Desktop\Comp4411\Trace\Debug\fltk.pdb”中寻找)；正在链接对象，如同没有调试信息一样
fltkd.lib(fl_arc.obj) : warning LNK4099: 未找到 PDB“fltk.pdb”(使用“fltkd.lib(fl_arc.obj)”或在“C:\Users\若晨\Desktop\Comp4411\Trace\Debug\fltk.pdb”中寻找)；正在链接对象，如同没有调试信息一样
fltkd.lib(fl_arci.obj) : warning LNK4099: 未找到 PDB“fltk.pdb”(使用“fltkd.lib(fl_arci.obj)”或在“C:\Users\若晨\Desktop\Comp4411\Trace\Debug\fltk.pdb”中寻找)；正在链接对象，如同没有调试信息一样
fltkd.lib(fl_ask.obj) : warning LNK4099: 未找到 PDB“fltk.pdb”(使用“fltkd.lib(fl_ask.obj)”或在“C:\Users\若晨\Desktop\Comp4411\Trace\Debug\fltk.pdb”中寻找)；正在链接对象，如同没有调试信息一样
fltkd.lib(Fl_Bitmap.obj) : warning LNK4099: 未找到 PDB“fltk.pdb”(使用“fltkd.lib(Fl_Bitmap.obj)”或在“C:\Users\若晨\Desktop\Comp4411\Trace\Debug\fltk.pdb”中寻找)；正在链接对象，如同没有调试信息一样
fltkd.lib(Fl_Box.obj) : warning LNK4099: 未找到 PDB“fltk.pdb”(使用“fltkd.lib(Fl_Box.obj)”或在“C:\Users\若晨\Desktop\Comp4411\Trace\Debug\fltk.pdb”中寻找)；正在链接对象，如同没有调试信息一样
fltkd.lib(fl_boxtype.obj) : warning LNK4099: 未找到 PDB“fltk.pdb”(使用“fltkd.lib(fl_boxtype.obj)”或在“C:\Users\若晨\Desktop\Comp4411\Trace\Debug\fltk.pdb”中寻找)；正在链接对象，如同没有调试信息一样
fltkd.lib(Fl_Browser.obj) : warning LNK4099: 未找到 PDB“fltk.pdb”(使用“fltkd.lib(Fl_Browser.obj)”或在“C:\Users\若晨\Desktop\Comp4411\Trace\Debug\fltk.pdb”中寻找)；正在链接对象，如同没有调试信息一样
fltkd.lib(Fl_Browser_.obj) : warning LNK4099: 未找到 PDB“fltk.pdb”(使用“fltkd.lib(Fl_Browser_.obj)”或在“C:\Users\若晨\Desktop\Comp4411\Trace\Debug\fltk.pdb”中寻找)；正在链接对象，如同没有调试信息一样
fltkd.lib(Fl_Button.obj) : warning LNK4099: 未找到 PDB“fltk.pdb”(使用“fltkd.lib(Fl_Button.obj)”或在“C:\Users\若晨\Desktop\Comp4411\Trace\Debug\fltk.pdb”中寻找)；正在链接对象，如同没有调试信息一样
fltkd.lib(fl_call_main.obj) : warning LNK4099: 未找到 PDB“fltk.pdb”(使用“fltkd.lib(fl_call_main.obj)”或在“C:\Users\若晨\Desktop\Comp4411\Trace\Debug\fltk.pdb”中寻找)；正在链接对象，如同没有调试信息一样
fltkd.lib(Fl_Check_Button.obj) : warning LNK4099: 未找到 PDB“fltk.pdb”(使用“fltkd.lib(Fl_Check_Button.obj)”或在“C:\Users\若晨\Desktop\Comp4411\Trace\Debug\fltk.pdb”中寻找)；正在链接对象，如同没有调试信息一样
fltkd.lib(Fl_Choice.obj) : warning LNK4099: 未找到 PDB“fltk.pdb”(使用“fltkd.lib(Fl_Choice.obj)”或在“C:\Users\若晨\Desktop\Comp4411\Trace\Debug\fltk.pdb”中寻找)；正在链接对象，如同没有调试信息一样
fltkd.lib(fl_color.obj) : warning LNK4099: 未找到 PDB“fltk.pdb”(使用“fltkd.lib(fl_color.obj)”或在“C:\Users\若晨\Desktop\Comp4411\Trace\Debug\fltk.pdb”中寻找)；正在链接对象，如同没有调试信息一样
fltkd.lib(Fl_compose.obj) : warning LNK4099: 未找到 PDB“fltk.pdb”(使用“fltkd.lib(Fl_compose.obj)”或在“C:\Users\若晨\Desktop\Comp4411\Trace\Debug\fltk.pdb”中寻找)；正在链接对象，如同没有调试信息一样
fltkd.lib(fl_cursor.obj) : warning LNK4099: 未找到 PDB“fltk.pdb”(使用“fltkd.lib(fl_cursor.obj)”或在“C:\Users\若晨\Desktop\Comp4411\Trace\Debug\fltk.pdb”中寻找)；正在链接对象，如同没有调试信息一样
fltkd.lib(fl_curve.obj) : warning LNK4099: 未找到 PDB“fltk.pdb”(使用“fltkd.lib(fl_curve.obj)”或在“C:\Users\若晨\Desktop\Comp4411\Trace\Debug\fltk.pdb”中寻找)；正在链接对象，如同没有调试信息一样
fltkd.lib(Fl_Device.obj) : warning LNK4099: 未找到 PDB“fltk.pdb”(使用“fltkd.lib(Fl_Device.obj)”或在“C:\Users\若晨\Desktop\Comp4411\Trace\Debug\fltk.pdb”中寻找)；正在链接对象，如同没有调试信息一样
fltkd.lib(fl_dnd.obj) : warning LNK4099: 未找到 PDB“fltk.pdb”(使用“fltkd.lib(fl_dnd.obj)”或在“C:\Users\若晨\Desktop\Comp4411\Trace\Debug\fltk.pdb”中寻找)；正在链接对象，如同没有调试信息一样
fltkd.lib(Fl_Double_Window.obj) : warning LNK4099: 未找到 PDB“fltk.pdb”(使用“fltkd.lib(Fl_Double_Window.obj)”或在“C:\Users\若晨\Desktop\Comp4411\Trace\Debug\fltk.pdb”中寻找)；正在链接对象，如同没有调试信息一样
fltkd.lib(fl_draw.obj) : warning LNK4099: 未找到 PDB“fltk.pdb”(使用“fltkd.lib(fl_draw.obj)”或在“C:\Users\若晨\Desktop\Comp4411\Trace\Debug\fltk.pdb”中寻找)；正在链接对象，如同没有调试信息一样
fltkd.lib(fl_draw_image.obj) : warning LNK4099: 未找到 PDB“fltk.pdb”(使用“fltkd.lib(fl_draw_image.obj)”或在“C:\Users\若晨\Desktop\Comp4411\Trace\Debug\fltk.pdb”中寻找)；正在链接对象，如同没有调试信息一样
fltkd.lib(fl_draw_pixmap.obj) : warning LNK4099: 未找到 PDB“fltk.pdb”(使用“fltkd.lib(fl_draw_pixmap.obj)”或在“C:\Users\若晨\Desktop\Comp4411\Trace\Debug\fltk.pdb”中寻找)；正在链接对象，如同没有调试信息一样
fltkd.lib(Fl_File_Browser.obj) : warning LNK4099: 未找到 PDB“fltk.pdb”(使用“fltkd.lib(Fl_File_Browser.obj)”或在“C:\Users\若晨\Desktop\Comp4411\Trace\Debug\fltk.pdb”中寻找)；正在链接对象，如同没有调试信息一样
fltkd.lib(Fl_File_Chooser.obj) : warning LNK4099: 未找到 PDB“fltk.pdb”(使用“fltkd.lib(Fl_File_Chooser.obj)”或在“C:\Users\若晨\Desktop\Comp4411\Trace\Debug\fltk.pdb”中寻找)；正在链接对象，如同没有调试信息一样
fltkd.lib(Fl_File_Chooser2.obj) : warning LNK4099: 未找到 PDB“fltk.pdb”(使用“fltkd.lib(Fl_File_Chooser2.obj)”或在“C:\Users\若晨\Desktop\Comp4411\Trace\Debug\fltk.pdb”中寻找)；正在链接对象，如同没有调试信息一样
fltkd.lib(fl_file_dir.obj) : warning LNK4099: 未找到 PDB“fltk.pdb”(使用“fltkd.lib(fl_file_dir.obj)”或在“C:\Users\若晨\Desktop\Comp4411\Trace\Debug\fltk.pdb”中寻找)；正在链接对象，如同没有调试信息一样
fltkd.lib(Fl_File_Icon.obj) : warning LNK4099: 未找到 PDB“fltk.pdb”(使用“fltkd.lib(Fl_File_Icon.obj)”或在“C:\Users\若晨\Desktop\Comp4411\Trace\Debug\fltk.pdb”中寻找)；正在链接对象，如同没有调试信息一样
fltkd.lib(Fl_File_Input.obj) : warning LNK4099: 未找到 PDB“fltk.pdb”(使用“fltkd.lib(Fl_File_Input.obj)”或在“C:\Users\若晨\Desktop\Comp4411\Trace\Debug\fltk.pdb”中寻找)；正在链接对象，如同没有调试信息一样
fltkd.lib(fl_font.obj) : warning LNK4099: 未找到 PDB“fltk.pdb”(使用“fltkd.lib(fl_font.obj)”或在“C:\Users\若晨\Desktop\Comp4411\Trace\Debug\fltk.pdb”中寻找)；正在链接对象，如同没有调试信息一样
fltkd.lib(Fl_get_system_colors.obj) : warning LNK4099: 未找到 PDB“fltk.pdb”(使用“fltkd.lib(Fl_get_system_colors.obj)”或在“C:\Users\若晨\Desktop\Comp4411\Trace\Debug\fltk.pdb”中寻找)；正在链接对象，如同没有调试信息一样
fltkd.lib(Fl_grab.obj) : warning LNK4099: 未找到 PDB“fltk.pdb”(使用“fltkd.lib(Fl_grab.obj)”或在“C:\Users\若晨\Desktop\Comp4411\Trace\Debug\fltk.pdb”中寻找)；正在链接对象，如同没有调试信息一样
fltkd.lib(Fl_Group.obj) : warning LNK4099: 未找到 PDB“fltk.pdb”(使用“fltkd.lib(Fl_Group.obj)”或在“C:\Users\若晨\Desktop\Comp4411\Trace\Debug\fltk.pdb”中寻找)；正在链接对象，如同没有调试信息一样
fltkd.lib(fl_gtk.obj) : warning LNK4099: 未找到 PDB“fltk.pdb”(使用“fltkd.lib(fl_gtk.obj)”或在“C:\Users\若晨\Desktop\Comp4411\Trace\Debug\fltk.pdb”中寻找)；正在链接对象，如同没有调试信息一样
fltkd.lib(fl_gleam.obj) : warning LNK4099: 未找到 PDB“fltk.pdb”(使用“fltkd.lib(fl_gleam.obj)”或在“C:\Users\若晨\Desktop\Comp4411\Trace\Debug\fltk.pdb”中寻找)；正在链接对象，如同没有调试信息一样
fltkd.lib(Fl_Image.obj) : warning LNK4099: 未找到 PDB“fltk.pdb”(使用“fltkd.lib(Fl_Image.obj)”或在“C:\Users\若晨\Desktop\Comp4411\Trace\Debug\fltk.pdb”中寻找)；正在链接对象，如同没有调试信息一样
fltkd.lib(Fl_Input.obj) : warning LNK4099: 未找到 PDB“fltk.pdb”(使用“fltkd.lib(Fl_Input.obj)”或在“C:\Users\若晨\Desktop\Comp4411\Trace\Debug\fltk.pdb”中寻找)；正在链接对象，如同没有调试信息一样
fltkd.lib(Fl_Input_.obj) : warning LNK4099: 未找到 PDB“fltk.pdb”(使用“fltkd.lib(Fl_Input_.obj)”或在“C:\Users\若晨\Desktop\Comp4411\Trace\Debug\fltk.pdb”中寻找)；正在链接对象，如同没有调试信息一样
fltkd.lib(fl_labeltype.obj) : warning LNK4099: 未找到 PDB“fltk.pdb”(使用“fltkd.lib(fl_labeltype.obj)”或在“C:\Users\若晨\Desktop\Comp4411\Trace\Debug\fltk.pdb”中寻找)；正在链接对象，如同没有调试信息一样
fltkd.lib(Fl_Light_Button.obj) : warning LNK4099: 未找到 PDB“fltk.pdb”(使用“fltkd.lib(Fl_Light_Button.obj)”或在“C:\Users\若晨\Desktop\Comp4411\Trace\Debug\fltk.pdb”中寻找)；正在链接对象，如同没有调试信息一样
fltkd.lib(fl_line_style.obj) : warning LNK4099: 未找到 PDB“fltk.pdb”(使用“fltkd.lib(fl_line_style.obj)”或在“C:\Users\若晨\Desktop\Comp4411\Trace\Debug\fltk.pdb”中寻找)；正在链接对象，如同没有调试信息一样
fltkd.lib(Fl_lock.obj) : warning LNK4099: 未找到 PDB“fltk.pdb”(使用“fltkd.lib(Fl_lock.obj)”或在“C:\Users\若晨\Desktop\Comp4411\Trace\Debug\fltk.pdb”中寻找)；正在链接对象，如同没有调试信息一样
fltkd.lib(Fl_Menu.obj) : warning LNK4099: 未找到 PDB“fltk.pdb”(使用“fltkd.lib(Fl_Menu.obj)”或在“C:\Users\若晨\Desktop\Comp4411\Trace\Debug\fltk.pdb”中寻找)；正在链接对象，如同没有调试信息一样
fltkd.lib(Fl_Menu_.obj) : warning LNK4099: 未找到 PDB“fltk.pdb”(使用“fltkd.lib(Fl_Menu_.obj)”或在“C:\Users\若晨\Desktop\Comp4411\Trace\Debug\fltk.pdb”中寻找)；正在链接对象，如同没有调试信息一样
fltkd.lib(Fl_Menu_add.obj) : warning LNK4099: 未找到 PDB“fltk.pdb”(使用“fltkd.lib(Fl_Menu_add.obj)”或在“C:\Users\若晨\Desktop\Comp4411\Trace\Debug\fltk.pdb”中寻找)；正在链接对象，如同没有调试信息一样
fltkd.lib(Fl_Menu_Bar.obj) : warning LNK4099: 未找到 PDB“fltk.pdb”(使用“fltkd.lib(Fl_Menu_Bar.obj)”或在“C:\Users\若晨\Desktop\Comp4411\Trace\Debug\fltk.pdb”中寻找)；正在链接对象，如同没有调试信息一样
fltkd.lib(Fl_Menu_Button.obj) : warning LNK4099: 未找到 PDB“fltk.pdb”(使用“fltkd.lib(Fl_Menu_Button.obj)”或在“C:\Users\若晨\Desktop\Comp4411\Trace\Debug\fltk.pdb”中寻找)；正在链接对象，如同没有调试信息一样
fltkd.lib(Fl_Menu_Window.obj) : warning LNK4099: 未找到 PDB“fltk.pdb”(使用“fltkd.lib(Fl_Menu_Window.obj)”或在“C:\Users\若晨\Desktop\Comp4411\Trace\Debug\fltk.pdb”中寻找)；正在链接对象，如同没有调试信息一样
fltkd.lib(Fl_Overlay_Window.obj) : warning LNK4099: 未找到 PDB“fltk.pdb”(使用“fltkd.lib(Fl_Overlay_Window.obj)”或在“C:\Users\若晨\Desktop\Comp4411\Trace\Debug\fltk.pdb”中寻找)；正在链接对象，如同没有调试信息一样
fltkd.lib(Fl_Pixmap.obj) : warning LNK4099: 未找到 PDB“fltk.pdb”(使用“fltkd.lib(Fl_Pixmap.obj)”或在“C:\Users\若晨\Desktop\Comp4411\Trace\Debug\fltk.pdb”中寻找)；正在链接对象，如同没有调试信息一样
fltkd.lib(fl_plastic.obj) : warning LNK4099: 未找到 PDB“fltk.pdb”(使用“fltkd.lib(fl_plastic.obj)”或在“C:\Users\若晨\Desktop\Comp4411\Trace\Debug\fltk.pdb”中寻找)；正在链接对象，如同没有调试信息一样
fltkd.lib(Fl_Preferences.obj) : warning LNK4099: 未找到 PDB“fltk.pdb”(使用“fltkd.lib(Fl_Preferences.obj)”或在“C:\Users\若晨\Desktop\Comp4411\Trace\Debug\fltk.pdb”中寻找)；正在链接对象，如同没有调试信息一样
fltkd.lib(fl_read_image.obj) : warning LNK4099: 未找到 PDB“fltk.pdb”(使用“fltkd.lib(fl_read_image.obj)”或在“C:\Users\若晨\Desktop\Comp4411\Trace\Debug\fltk.pdb”中寻找)；正在链接对象，如同没有调试信息一样
fltkd.lib(fl_rect.obj) : warning LNK4099: 未找到 PDB“fltk.pdb”(使用“fltkd.lib(fl_rect.obj)”或在“C:\Users\若晨\Desktop\Comp4411\Trace\Debug\fltk.pdb”中寻找)；正在链接对象，如同没有调试信息一样
fltkd.lib(Fl_Repeat_Button.obj) : warning LNK4099: 未找到 PDB“fltk.pdb”(使用“fltkd.lib(Fl_Repeat_Button.obj)”或在“C:\Users\若晨\Desktop\Comp4411\Trace\Debug\fltk.pdb”中寻找)；正在链接对象，如同没有调试信息一样
fltkd.lib(Fl_Return_Button.obj) : warning LNK4099: 未找到 PDB“fltk.pdb”(使用“fltkd.lib(Fl_Return_Button.obj)”或在“C:\Users\若晨\Desktop\Comp4411\Trace\Debug\fltk.pdb”中寻找)；正在链接对象，如同没有调试信息一样
fltkd.lib(fl_round_box.obj) : warning LNK4099: 未找到 PDB“fltk.pdb”(使用“fltkd.lib(fl_round_box.obj)”或在“C:\Users\若晨\Desktop\Comp4411\Trace\Debug\fltk.pdb”中寻找)；正在链接对象，如同没有调试信息一样
fltkd.lib(Fl_Scrollbar.obj) : warning LNK4099: 未找到 PDB“fltk.pdb”(使用“fltkd.lib(Fl_Scrollbar.obj)”或在“C:\Users\若晨\Desktop\Comp4411\Trace\Debug\fltk.pdb”中寻找)；正在链接对象，如同没有调试信息一样
fltkd.lib(Fl_Shared_Image.obj) : warning LNK4099: 未找到 PDB“fltk.pdb”(使用“fltkd.lib(Fl_Shared_Image.obj)”或在“C:\Users\若晨\Desktop\Comp4411\Trace\Debug\fltk.pdb”中寻找)；正在链接对象，如同没有调试信息一样
fltkd.lib(fl_shortcut.obj) : warning LNK4099: 未找到 PDB“fltk.pdb”(使用“fltkd.lib(fl_shortcut.obj)”或在“C:\Users\若晨\Desktop\Comp4411\Trace\Debug\fltk.pdb”中寻找)；正在链接对象，如同没有调试信息一样
fltkd.lib(Fl_Single_Window.obj) : warning LNK4099: 未找到 PDB“fltk.pdb”(使用“fltkd.lib(Fl_Single_Window.obj)”或在“C:\Users\若晨\Desktop\Comp4411\Trace\Debug\fltk.pdb”中寻找)；正在链接对象，如同没有调试信息一样
fltkd.lib(Fl_Slider.obj) : warning LNK4099: 未找到 PDB“fltk.pdb”(使用“fltkd.lib(Fl_Slider.obj)”或在“C:\Users\若晨\Desktop\Comp4411\Trace\Debug\fltk.pdb”中寻找)；正在链接对象，如同没有调试信息一样
fltkd.lib(fl_symbols.obj) : warning LNK4099: 未找到 PDB“fltk.pdb”(使用“fltkd.lib(fl_symbols.obj)”或在“C:\Users\若晨\Desktop\Comp4411\Trace\Debug\fltk.pdb”中寻找)；正在链接对象，如同没有调试信息一样
fltkd.lib(Fl_Tile.obj) : warning LNK4099: 未找到 PDB“fltk.pdb”(使用“fltkd.lib(Fl_Tile.obj)”或在“C:\Users\若晨\Desktop\Comp4411\Trace\Debug\fltk.pdb”中寻找)；正在链接对象，如同没有调试信息一样
fltkd.lib(Fl_Tiled_Image.obj) : warning LNK4099: 未找到 PDB“fltk.pdb”(使用“fltkd.lib(Fl_Tiled_Image.obj)”或在“C:\Users\若晨\Desktop\Comp4411\Trace\Debug\fltk.pdb”中寻找)；正在链接对象，如同没有调试信息一样
fltkd.lib(Fl_Tooltip.obj) : warning LNK4099: 未找到 PDB“fltk.pdb”(使用“fltkd.lib(Fl_Tooltip.obj)”或在“C:\Users\若晨\Desktop\Comp4411\Trace\Debug\fltk.pdb”中寻找)；正在链接对象，如同没有调试信息一样
fltkd.lib(fl_utf.obj) : warning LNK4099: 未找到 PDB“fltk.pdb”(使用“fltkd.lib(fl_utf.obj)”或在“C:\Users\若晨\Desktop\Comp4411\Trace\Debug\fltk.pdb”中寻找)；正在链接对象，如同没有调试信息一样
fltkd.lib(fl_utf8.obj) : warning LNK4099: 未找到 PDB“fltk.pdb”(使用“fltkd.lib(fl_utf8.obj)”或在“C:\Users\若晨\Desktop\Comp4411\Trace\Debug\fltk.pdb”中寻找)；正在链接对象，如同没有调试信息一样
fltkd.lib(Fl_Valuator.obj) : warning LNK4099: 未找到 PDB“fltk.pdb”(使用“fltkd.lib(Fl_Valuator.obj)”或在“C:\Users\若晨\Desktop\Comp4411\Trace\Debug\fltk.pdb”中寻找)；正在链接对象，如同没有调试信息一样
fltkd.lib(Fl_Value_Slider.obj) : warning LNK4099: 未找到 PDB“fltk.pdb”(使用“fltkd.lib(Fl_Value_Slider.obj)”或在“C:\Users\若晨\Desktop\Comp4411\Trace\Debug\fltk.pdb”中寻找)；正在链接对象，如同没有调试信息一样
fltkd.lib(fl_vertex.obj) : warning LNK4099: 未找到 PDB“fltk.pdb”(使用“fltkd.lib(fl_vertex.obj)”或在“C:\Users\若晨\Desktop\Comp4411\Trace\Debug\fltk.pdb”中寻找)；正在链接对象，如同没有调试信息一样
fltkd.lib(Fl_visual.obj) : warning LNK4099: 未找到 PDB“fltk.pdb”(使用“fltkd.lib(Fl_visual.obj)”或在“C:\Users\若晨\Desktop\Comp4411\Trace\Debug\fltk.pdb”中寻找)；正在链接对象，如同没有调试信息一样
fltkd.lib(Fl_Widget.obj) : warning LNK4099: 未找到 PDB“fltk.pdb”(使用“fltkd.lib(Fl_Widget.obj)”或在“C:\Users\若晨\Desktop\Comp4411\Trace\Debug\fltk.pdb”中寻找)；正在链接对象，如同没有调试信息一样
fltkd.lib(Fl_Window.obj) : warning LNK4099: 未找到 PDB“fltk.pdb”(使用“fltkd.lib(Fl_Window.obj)”或在“C:\Users\若晨\Desktop\Comp4411\Trace\Debug\fltk.pdb”中寻找)；正在链接对象，如同没有调试信息一样
fltkd.lib(Fl_Window_fullscreen.obj) : warning LNK4099: 未找到 PDB“fltk.pdb”(使用“fltkd.lib(Fl_Window_fullscreen.obj)”或在“C:\Users\若晨\Desktop\Comp4411\Trace\Debug\fltk.pdb”中寻找)；正在链接对象，如同没有调试信息一样
fltkd.lib(Fl_Window_hotspot.obj) : warning LNK4099: 未找到 PDB“fltk.pdb”(使用“fltkd.lib(Fl_Window_hotspot.obj)”或在“C:\Users\若晨\Desktop\Comp4411\Trace\Debug\fltk.pdb”中寻找)；正在链接对象，如同没有调试信息一样
fltkd.lib(Fl_Window_shape.obj) : warning LNK4099: 未找到 PDB“fltk.pdb”(使用“fltkd.lib(Fl_Window_shape.obj)”或在“C:\Users\若晨\Desktop\Comp4411\Trace\Debug\fltk.pdb”中寻找)；正在链接对象，如同没有调试信息一样
fltkd.lib(Fl_XBM_Image.obj) : warning LNK4099: 未找到 PDB“fltk.pdb”(使用“fltkd.lib(Fl_XBM_Image.obj)”或在“C:\Users\若晨\Desktop\Comp4411\Trace\Debug\fltk.pdb”中寻找)；正在链接对象，如同没有调试信息一样
fltkd.lib(Fl_XPM_Image.obj) : warning LNK4099: 未找到 PDB“fltk.pdb”(使用“fltkd.lib(Fl_XPM_Image.obj)”或在“C:\Users\若晨\Desktop\Comp4411\Trace\Debug\fltk.pdb”中寻找)；正在链接对象，如同没有调试信息一样
fltkd.lib(flstring.obj) : warning LNK4099: 未找到 PDB“fltk.pdb”(使用“fltkd.lib(flstring.obj)”或在“C:\Users\若晨\Desktop\Comp4411\Trace\Debug\fltk.pdb”中寻找)；正在链接对象，如同没有调试信息一样
fltkd.lib(is_spacing.obj) : warning LNK4099: 未找到 PDB“fltk.pdb”(使用“fltkd.lib(is_spacing.obj)”或在“C:\Users\若晨\Desktop\Comp4411\Trace\Debug\fltk.pdb”中寻找)；正在链接对象，如同没有调试信息一样
fltkd.lib(numericsort.obj) : warning LNK4099: 未找到 PDB“fltk.pdb”(使用“fltkd.lib(numericsort.obj)”或在“C:\Users\若晨\Desktop\Comp4411\Trace\Debug\fltk.pdb”中寻找)；正在链接对象，如同没有调试信息一样
fltkd.lib(scandir.obj) : warning LNK4099: 未找到 PDB“fltk.pdb”(使用“fltkd.lib(scandir.obj)”或在“C:\Users\若晨\Desktop\Comp4411\Trace\Debug\fltk.pdb”中寻找)；正在链接对象，如同没有调试信息一样
fltkd.lib(screen_xywh.obj) : warning LNK4099: 未找到 PDB“fltk.pdb”(使用“fltkd.lib(screen_xywh.obj)”或在“C:\Users\若晨\Desktop\Comp4411\Trace\Debug\fltk.pdb”中寻找)；正在链接对象，如同没有调试信息一样
fltkd.lib(vsnprintf.obj) : warning LNK4099: 未找到 PDB“fltk.pdb”(使用“fltkd.lib(vsnprintf.obj)”或在“C:\Users\若晨\Desktop\Comp4411\Trace\Debug\fltk.pdb”中寻找)；正在链接对象，如同没有调试信息一样
fltkgld.lib(Fl_Gl_Choice.obj) : warning LNK4099: 未找到 PDB“fltkgl.pdb”(使用“fltkgld.lib(Fl_Gl_Choice.obj)”或在“C:\Users\若晨\Desktop\Comp4411\Trace\Debug\fltkgl.pdb”中寻找)；正在链接对象，如同没有调试信息一样
fltkgld.lib(Fl_Gl_Device_Plugin.obj) : warning LNK4099: 未找到 PDB“fltkgl.pdb”(使用“fltkgld.lib(Fl_Gl_Device_Plugin.obj)”或在“C:\Users\若晨\Desktop\Comp4411\Trace\Debug\fltkgl.pdb”中寻找)；正在链接对象，如同没有调试信息一样
fltkgld.lib(Fl_Gl_Window.obj) : warning LNK4099: 未找到 PDB“fltkgl.pdb”(使用“fltkgld.lib(Fl_Gl_Window.obj)”或在“C:\Users\若晨\Desktop\Comp4411\Trace\Debug\fltkgl.pdb”中寻找)；正在链接对象，如同没有调试信息一样
fltkgld.lib(gl_draw.obj) : warning LNK4099: 未找到 PDB“fltkgl.pdb”(使用“fltkgld.lib(gl_draw.obj)”或在“C:\Users\若晨\Desktop\Comp4411\Trace\Debug\fltkgl.pdb”中寻找)；正在链接对象，如同没有调试信息一样
  ray.vcxproj -> C:\Users\若晨\Desktop\Comp4411\Trace\.\Debug\ray.exe
  ray.vcxproj -> .\Debug/ray.pdb (Full PDB)
